

Microchip MPLAB XC8 Assembler V2.45 build 20230818022343 
                                                                                                           Tue Nov 28 16:23:06 2023


     1                           	processor	16F887
     2                           	pagewidth 132
     3                           	psect	code,global,class=CODE,delta=2
     4                           	psect	powerup,global,class=CODE,delta=2
     5                           	psect	reset_vec,global,class=CODE,delta=2
     6                           	psect	maintext,global,class=CODE,delta=2
     7                           	psect	eeprom_data,global,class=EEDATA,space=3,delta=2,noexec
     8                           	psect	intentry,global,class=CODE,delta=2
     9                           	psect	functab,global,class=ENTRY,delta=2
    10                           	psect	init,global,class=CODE,delta=2
    11                           	psect	cinit,global,class=CODE,delta=2
    12                           	psect	text,global,class=CODE,delta=2
    13                           	psect	end_init,global,class=CODE,delta=2
    14                           	psect	clrtext,global,class=CODE,delta=2
    15                           	psect	strings,global,reloc=256,class=CODE,delta=2
    16                           	psect	stack,global,class=STACK,space=2,delta=1,noexec
    17                           	psect	heap,global,class=HEAP,space=7,delta=1,noexec
    18                           	psect	common,global,class=COMMON,space=1,delta=1
    19                           	psect	bank0,global,class=BANK0,space=1,delta=1
    20                           	psect	bank1,global,class=BANK1,space=1,delta=1
    21                           	psect	bank2,global,class=BANK2,space=1,delta=1
    22                           	psect	bank3,global,class=BANK3,space=1,delta=1
    23                           	psect	ram,global,class=RAM,space=1,delta=1
    24                           	psect	abs1,global,class=ABS1,space=1,delta=1
    25                           	psect	sfr0,global,class=SFR0,space=1,delta=1
    26                           	psect	sfr1,global,class=SFR1,space=1,delta=1
    27                           	psect	sfr2,global,class=SFR2,space=1,delta=1
    28                           	psect	sfr3,global,class=SFR3,space=1,delta=1
    29                           
    30                           	psect	reset_vec
    31     0000                     reset_vec:
    32                           
    33                           ; No powerup routine
    34                           ; jump to start
    35     0000  120A  118A  2810   	goto	(start& (0+2047))| (reset_vec& (0+-2048))
    36                           
    37                           	psect	maintext
    38                           
    39                           ; Microchip MPLAB XC8 C Compiler V2.45
    40                           ; Copyright (C) 2023 Microchip Technology Inc.
    41                           ; Auto-generated runtime startup code for final link stage.
    42                           ;
    43                           ; Compiler options:
    44                           ;
    45                           ; -G --chip=16F887 -ODebug.cof main.p1 LCD.p1
    46                           ;
    47     0000                     C	set	0
    48     0002                     Z	set	2
    49     0002                     PCL	set	2
    50     0000                     INDF	set	0
    51     000A                     
    52                           	psect	functab
    53     0000                     intlevel0:
    54     0000                     intlevel1:
    55     0000                     intlevel2:
    56     0000                     intlevel3:
    57     0000                     intlevel4:
    58     0000                     intlevel5:
    59                           
    60                           	psect	init
    61     0010                     start:
    62                           
    63                           	psect	end_init
    64     0010  120A  118A  2813   	ljmp	start_initialization	;jump to C runtime clear & initialization
    65                           
    66                           	psect	clrtext
    67     0004                     FSR	set	4
    68                           
    69                           	psect	strings
    70     0000                     
    71                           	psect	stack
    72     0000                     ___sp:
    73     0000                     ___int_sp:
    74     0000                     ___stack_lo:
    75     0000                     ___stack_hi:
    76     0000                     ___int_stack_lo:
    77     0000                     ___int_stack_hi:
    78                           
    79                           	psect	heap
    80                           
    81                           ; No heap to be allocated


Microchip Technology PIC Macro Assembler V2.45 build 20230818022343 
Symbol Table                                                                                               Tue Nov 28 16:23:06 2023

               ___sp 0000                 _main 160B                 start 0010           ___stack_hi 0000  
         ___stack_lo 0000       ___int_stack_hi 0000       ___int_stack_lo 0000  start_initialization 0013  
          ___heap_hi 0000            ___heap_lo 0000            ___stackhi 0000            ___stacklo 0000  
           ___int_sp 0000             intlevel0 0000             intlevel1 0000             intlevel2 0000  
           intlevel3 0000             intlevel4 0000             intlevel5 0000             reset_vec 0000  
